#0 building with "default" instance using docker driver

#1 [internal] load build definition from Dockerfile
#1 transferring dockerfile: 1.02kB done
#1 DONE 0.0s

#2 [internal] load metadata for docker.io/library/ubuntu:24.04
#2 DONE 0.0s

#3 [internal] load .dockerignore
#3 transferring context: 2B done
#3 DONE 0.0s

#4 [1/7] FROM docker.io/library/ubuntu:24.04
#4 DONE 0.0s

#5 [internal] load build context
#5 transferring context: 4.84MB 0.0s done
#5 DONE 0.0s

#6 [4/7] COPY original/pngtest.png /opt/fixtures/input.png
#6 CACHED

#7 [5/7] RUN apt-get update  && apt-get install -y --no-install-recommends /opt/packages/*.deb  && rm -rf /var/lib/apt/lists/*  && ldconfig
#7 CACHED

#8 [6/7] RUN useradd -m -s /bin/bash tester  && mkdir -p /home/tester/work  && chown -R tester:tester /home/tester
#8 CACHED

#9 [2/7] RUN apt-get update  && apt-get install -y --no-install-recommends       build-essential       ca-certificates       dbus-x11       feh       file       gimp       libcairo2-dev       libgdk-pixbuf-2.0-dev       libsdl2-dev       libsdl2-image-dev       libwebkit2gtk-4.1-dev       libreoffice-draw       netpbm       pkg-config       pngquant       python3-minimal       r-base       r-cran-png       scribus       xdotool       x11-utils       xsane       xvfb       zlib1g-dev  && rm -rf /var/lib/apt/lists/*
#9 CACHED

#10 [3/7] COPY packages /opt/packages
#10 CACHED

#11 [7/7] WORKDIR /home/tester/work
#11 CACHED

#12 exporting to image
#12 exporting layers done
#12 writing image sha256:e621a1b5d7a372a2835e305cb11684cda05f1a547b534940f8374482d969baf6 done
#12 naming to docker.io/library/libpng-safe-smoke:latest done
#12 DONE 0.0s
==> GIMP
==> LibreOffice Draw
==> Scribus
==> WebKitGTK
==> GDK Pixbuf
==> Cairo
==> SDL2_image
==> feh
==> Netpbm
pngtopnm: Image has fewer significant bits, writing file with 5 bits
==> XSane
==> R png package
==> pngquant
==> All dependent smoke tests passed
