$ docker build --tag validator-libexif-shared-4dc6954aa574 --file /tmp/validator-run-matrix-libexif-p0tcaj76/libexif/Dockerfile /tmp/validator-run-matrix-libexif-p0tcaj76
#0 building with "default" instance using docker driver

#1 [internal] load build definition from Dockerfile
#1 transferring dockerfile: 833B done
#1 DONE 0.0s

#2 [internal] load metadata for docker.io/library/ubuntu:24.04
#2 DONE 0.0s

#3 [internal] load .dockerignore
#3 transferring context: 2B done
#3 DONE 0.0s

#4 [1/6] FROM docker.io/library/ubuntu:24.04
#4 DONE 0.0s

#5 [internal] load build context
#5 transferring context: 795.90kB done
#5 DONE 0.0s

#6 [2/6] RUN apt-get update  && apt-get install -y --no-install-recommends       libexif12       libexif-dev       exif       bash       build-essential       ca-certificates       coreutils       file       jq       pkg-config       python3  && rm -rf /var/lib/apt/lists/*
#6 CACHED

#7 [3/6] WORKDIR /validator
#7 CACHED

#8 [4/6] COPY _shared/ /validator/tests/_shared/
#8 CACHED

#9 [5/6] COPY libexif/ /validator/tests/libexif/
#9 CACHED

#10 [6/6] RUN find /validator/tests/_shared -maxdepth 1 -type f -name '*.sh' -exec chmod +x {} +  && chmod +x /validator/tests/libexif/docker-entrypoint.sh /validator/tests/libexif/tests/run.sh  && if [ -d /validator/tests/libexif/tests/cases ]; then       find /validator/tests/libexif/tests/cases -type f -name '*.sh' -exec chmod +x {} +;     fi
#10 CACHED

#11 exporting to image
#11 exporting layers done
#11 writing image sha256:0cd944d4dabcea2a4160da41ff2a6b4c63342d0550930d7873286e0a46308cb4 done
#11 naming to docker.io/library/validator-libexif-shared-4dc6954aa574 done
#11 DONE 0.0s
