$ docker build --tag validator-liblzma-shared-e7e9e3283706 --file /tmp/validator-run-matrix-liblzma-ad_ukchu/liblzma/Dockerfile /tmp/validator-run-matrix-liblzma-ad_ukchu
#0 building with "default" instance using docker driver

#1 [internal] load build definition from Dockerfile
#1 transferring dockerfile: 1.03kB done
#1 DONE 0.0s

#2 [internal] load metadata for docker.io/library/ubuntu:24.04
#2 DONE 0.0s

#3 [internal] load .dockerignore
#3 transferring context: 2B done
#3 DONE 0.0s

#4 [1/6] FROM docker.io/library/ubuntu:24.04
#4 DONE 0.0s

#5 [internal] load build context
#5 transferring context: 9.40MB 0.0s done
#5 DONE 0.1s

#6 [2/6] RUN apt-get update  && apt-get install -y --no-install-recommends       liblzma5       liblzma-dev       xz-utils       apt-utils       bash       build-essential       ca-certificates       coreutils       dpkg-dev       file       gdb       jq       libarchive-dev       libarchive-tools       libboost-iostreams-dev       libtiff-dev       libxml2-utils       pkg-config       python3       squashfs-tools  && rm -rf /var/lib/apt/lists/*
#6 CACHED

#7 [3/6] WORKDIR /validator
#7 CACHED

#8 [4/6] COPY _shared/ /validator/tests/_shared/
#8 CACHED

#9 [5/6] COPY liblzma/ /validator/tests/liblzma/
#9 CACHED

#10 [6/6] RUN find /validator/tests/_shared -maxdepth 1 -type f -name '*.sh' -exec chmod +x {} +  && chmod +x /validator/tests/liblzma/docker-entrypoint.sh /validator/tests/liblzma/tests/run.sh  && if [ -d /validator/tests/liblzma/tests/cases ]; then       find /validator/tests/liblzma/tests/cases -type f -name '*.sh' -exec chmod +x {} +;     fi
#10 CACHED

#11 exporting to image
#11 exporting layers done
#11 writing image sha256:04178a65541f10e3a62a3993adcf9e41087e4469dbf66d6994276128232f2abd done
#11 naming to docker.io/library/validator-liblzma-shared-e7e9e3283706 done
#11 DONE 0.0s
