$ docker run --rm -t --mount type=bind,src=/tmp/validator-status-liblzma-usage-libarchive-tools-xz-metadata-list,dst=/validator/status validator-liblzma-shared bash -lc 'set -euo pipefail
/validator/tests/_shared/install_override_debs.sh
exec /validator/tests/_shared/run_library_tests.sh "$@"' validator-testcase liblzma usage-libarchive-tools-xz-metadata-list -- bash -x /validator/tests/liblzma/tests/cases/usage/usage-libarchive-tools-xz-metadata-list.sh
no override packages found; continuing with apt originals
+ set -euo pipefail
+ source /validator/tests/_shared/runtime_helpers.sh
++ set -euo pipefail
++ mktemp -d
+ tmpdir=/tmp/validator-tmp
+ trap 'rm -rf "$tmpdir"' EXIT
+ mkdir -p /tmp/validator-tmp/in
+ printf '#!/usr/bin/env sh\nprintf xz-metadata\n'
+ chmod 755 /tmp/validator-tmp/in/run.sh
+ bsdtar -cJf /tmp/validator-tmp/a.tar.xz -C /tmp/validator-tmp/in run.sh
+ bsdtar -tvf /tmp/validator-tmp/a.tar.xz
+ grep -Fq run.sh /tmp/validator-tmp/list
+ grep -Eq '^-rwx' /tmp/validator-tmp/list
+ printf 'xz metadata list ok\n'
xz metadata list ok
+ rm -rf /tmp/validator-tmp
