$ docker build --tag validator-libsodium-shared-d01056741926 --file /tmp/validator-run-matrix-libsodium-p6zxj6wk/libsodium/Dockerfile /tmp/validator-run-matrix-libsodium-p6zxj6wk
#0 building with "default" instance using docker driver

#1 [internal] load build definition from Dockerfile
#1 transferring dockerfile: 1.07kB done
#1 DONE 0.0s

#2 [internal] load metadata for docker.io/library/ubuntu:24.04
#2 DONE 0.0s

#3 [internal] load .dockerignore
#3 transferring context: 2B done
#3 DONE 0.0s

#4 [1/6] FROM docker.io/library/ubuntu:24.04
#4 DONE 0.0s

#5 [internal] load build context
#5 transferring context: 6.05MB 0.0s done
#5 DONE 0.1s

#6 [3/6] WORKDIR /validator
#6 CACHED

#7 [4/6] COPY _shared/ /validator/tests/_shared/
#7 CACHED

#8 [5/6] COPY libsodium/ /validator/tests/libsodium/
#8 CACHED

#9 [2/6] RUN apt-get update  && apt-get install -y --no-install-recommends       libsodium23       libsodium-dev       bash       build-essential       ca-certificates       coreutils       curvedns       fastd       file       jq       libtoxcore-dev       libzmq3-dev       minisign       nix-bin       php8.3-cli       pkg-config       python3       python3-nacl       r-base-core       r-cran-sodium       ruby       ruby-rbnacl       vim  && rm -rf /var/lib/apt/lists/*
#9 CACHED

#10 [6/6] RUN find /validator/tests/_shared -maxdepth 1 -type f -name '*.sh' -exec chmod +x {} +  && chmod +x /validator/tests/libsodium/docker-entrypoint.sh /validator/tests/libsodium/tests/run.sh  && if [ -d /validator/tests/libsodium/tests/cases ]; then       find /validator/tests/libsodium/tests/cases -type f -name '*.sh' -exec chmod +x {} +;     fi
#10 CACHED

#11 exporting to image
#11 exporting layers done
#11 writing image sha256:f0960d669e0be084d18c9178ef2cf99b3adf25ae9e87ec3e8a5fb568541a3783 done
#11 naming to docker.io/library/validator-libsodium-shared-d01056741926 done
#11 DONE 0.0s
