$ docker build --tag validator-giflib-shared-8a1fdc13ecfb --file /tmp/validator-run-matrix-giflib-w_f2xr3c/giflib/Dockerfile /tmp/validator-run-matrix-giflib-w_f2xr3c
#0 building with "default" instance using docker driver

#1 [internal] load build definition from Dockerfile
#1 transferring dockerfile: 832B done
#1 DONE 0.0s

#2 [internal] load metadata for docker.io/library/ubuntu:24.04
#2 DONE 0.0s

#3 [internal] load .dockerignore
#3 transferring context: 2B done
#3 DONE 0.0s

#4 [1/6] FROM docker.io/library/ubuntu:24.04
#4 DONE 0.0s

#5 [internal] load build context
#5 transferring context: 2.41MB 0.0s done
#5 DONE 0.0s

#6 [4/6] COPY _shared/ /validator/tests/_shared/
#6 CACHED

#7 [5/6] COPY giflib/ /validator/tests/giflib/
#7 CACHED

#8 [3/6] WORKDIR /validator
#8 CACHED

#9 [2/6] RUN apt-get update  && apt-get install -y --no-install-recommends       libgif7       libgif-dev       giflib-tools       bash       build-essential       ca-certificates       coreutils       file       jq       pkg-config       python3  && rm -rf /var/lib/apt/lists/*
#9 CACHED

#10 [6/6] RUN find /validator/tests/_shared -maxdepth 1 -type f -name '*.sh' -exec chmod +x {} +  && chmod +x /validator/tests/giflib/docker-entrypoint.sh /validator/tests/giflib/tests/run.sh  && if [ -d /validator/tests/giflib/tests/cases ]; then       find /validator/tests/giflib/tests/cases -type f -name '*.sh' -exec chmod +x {} +;     fi
#10 CACHED

#11 exporting to image
#11 exporting layers done
#11 writing image sha256:29d94877eee8f8f07fc81705ee85bfdf5be2835ac300888be8b2337689ea5171 done
#11 naming to docker.io/library/validator-giflib-shared-8a1fdc13ecfb done
#11 DONE 0.0s
