$ docker run --rm -t --mount type=bind,src=/tmp/validator-status-giflib-usage-giflib-tools-gifclrmp-map-zmu64fia,dst=/validator/status validator-giflib-shared-ffdbf72f2e79 bash -lc 'set -euo pipefail
/validator/tests/_shared/install_override_debs.sh
exec /validator/tests/_shared/run_library_tests.sh "$@"' validator-testcase giflib usage-giflib-tools-gifclrmp-map -- bash /validator/tests/giflib/tests/cases/usage/usage-giflib-tools-gifclrmp-map.sh
no override packages found; continuing with apt originals
  0  46 140  93
  1   0 255 255
  2   0 157   0
  3  81 200  86
  4 190 190 190
  5 110 110 110
  6 255 255   0
  7 136 115  95
  8 231 231 231
  9   0 153 102
 10   0   0   0
 11   0   0   0
 12   0   0   0
 13   0   0   0
 14   0   0   0
 15   0   0   0
