$ docker run --rm -t --mount type=bind,src=/tmp/validator-status-libpng-chunk-metadata-inspection,dst=/validator/status validator-libpng-shared bash -lc 'set -euo pipefail
/validator/tests/_shared/install_override_debs.sh
exec /validator/tests/_shared/run_library_tests.sh "$@"' validator-testcase libpng chunk-metadata-inspection -- bash -x /validator/tests/libpng/tests/cases/source/chunk-metadata-inspection.sh
no override packages found; continuing with apt originals
+ set -euo pipefail
+ source /validator/tests/_shared/runtime_helpers.sh
++ set -euo pipefail
++ mktemp -d
+ tmpdir=/tmp/validator-tmp
+ trap 'rm -rf "$tmpdir"' EXIT
+ png=/validator/tests/libpng/tests/fixtures/samples/contrib/pngsuite/basn2c08.png
+ validator_require_file /validator/tests/libpng/tests/fixtures/samples/contrib/pngsuite/basn2c08.png
+ local path=/validator/tests/libpng/tests/fixtures/samples/contrib/pngsuite/basn2c08.png
+ [[ -f /validator/tests/libpng/tests/fixtures/samples/contrib/pngsuite/basn2c08.png ]]
+ cat
++ pkg-config --cflags --libs libpng
+ gcc /tmp/validator-tmp/t.c -o /tmp/validator-tmp/t -I/usr/include/libpng16 -lpng16
+ /tmp/validator-tmp/t /validator/tests/libpng/tests/fixtures/samples/contrib/pngsuite/basn2c08.png
width=32 height=32 type=2
+ rm -rf /tmp/validator-tmp
