$ docker run --rm -t --mount type=bind,src=/tmp/validator-status-libpng-palette-fixture-handling,dst=/validator/status validator-libpng-shared bash -lc 'set -euo pipefail
/validator/tests/_shared/install_override_debs.sh
exec /validator/tests/_shared/run_library_tests.sh "$@"' validator-testcase libpng palette-fixture-handling -- bash -x /validator/tests/libpng/tests/cases/source/palette-fixture-handling.sh
no override packages found; continuing with apt originals
+ set -euo pipefail
+ source /validator/tests/_shared/runtime_helpers.sh
++ set -euo pipefail
++ mktemp -d
+ tmpdir=/tmp/validator-tmp
+ trap 'rm -rf "$tmpdir"' EXIT
+ png=/validator/tests/libpng/tests/fixtures/samples/contrib/pngsuite/basn3p08.png
+ validator_require_file /validator/tests/libpng/tests/fixtures/samples/contrib/pngsuite/basn3p08.png
+ local path=/validator/tests/libpng/tests/fixtures/samples/contrib/pngsuite/basn3p08.png
+ [[ -f /validator/tests/libpng/tests/fixtures/samples/contrib/pngsuite/basn3p08.png ]]
+ file /validator/tests/libpng/tests/fixtures/samples/contrib/pngsuite/basn3p08.png
/validator/tests/libpng/tests/fixtures/samples/contrib/pngsuite/basn3p08.png: PNG image data, 32 x 32, 8-bit colormap, non-interlaced
+ pngfix --out=/tmp/validator-tmp/out.png /validator/tests/libpng/tests/fixtures/samples/contrib/pngsuite/basn3p08.png
+ validator_require_file /tmp/validator-tmp/out.png
+ local path=/tmp/validator-tmp/out.png
+ [[ -f /tmp/validator-tmp/out.png ]]
+ rm -rf /tmp/validator-tmp
