$ docker run --rm -t --mount type=bind,src=/tmp/validator-status-libpng-usage-pngquant-posterize-png,dst=/validator/status validator-libpng-shared bash -lc 'set -euo pipefail
/validator/tests/_shared/install_override_debs.sh
exec /validator/tests/_shared/run_library_tests.sh "$@"' validator-testcase libpng usage-pngquant-posterize-png -- bash -x /validator/tests/libpng/tests/cases/usage/usage-pngquant-posterize-png.sh
no override packages found; continuing with apt originals
+ set -euo pipefail
+ source /validator/tests/_shared/runtime_helpers.sh
++ set -euo pipefail
++ mktemp -d
+ tmpdir=/tmp/validator-tmp
+ trap 'rm -rf "$tmpdir"' EXIT
+ png=/validator/tests/libpng/tests/fixtures/samples/contrib/pngsuite/basn2c08.png
+ validator_require_file /validator/tests/libpng/tests/fixtures/samples/contrib/pngsuite/basn2c08.png
+ local path=/validator/tests/libpng/tests/fixtures/samples/contrib/pngsuite/basn2c08.png
+ [[ -f /validator/tests/libpng/tests/fixtures/samples/contrib/pngsuite/basn2c08.png ]]
+ pngquant --posterize 4 --force --output /tmp/validator-tmp/out.png /validator/tests/libpng/tests/fixtures/samples/contrib/pngsuite/basn2c08.png
+ file /tmp/validator-tmp/out.png
+ tee /tmp/validator-tmp/file
/tmp/validator-tmp/out.png: PNG image data, 32 x 32, 8-bit colormap, non-interlaced
+ validator_assert_contains /tmp/validator-tmp/file 'PNG image data'
+ local path=/tmp/validator-tmp/file
+ local 'needle=PNG image data'
+ grep -Fq -- 'PNG image data' /tmp/validator-tmp/file
+ rm -rf /tmp/validator-tmp
