$ docker run --rm -t --mount type=bind,src=/tmp/validator-status-libjpeg-turbo-usage-vips-header-jpeg,dst=/validator/status validator-libjpeg-turbo-shared bash -lc 'set -euo pipefail
/validator/tests/_shared/install_override_debs.sh
exec /validator/tests/_shared/run_library_tests.sh "$@"' validator-testcase libjpeg-turbo usage-vips-header-jpeg -- bash -x /validator/tests/libjpeg-turbo/tests/cases/usage/usage-vips-header-jpeg.sh
no override packages found; continuing with apt originals
+ set -euo pipefail
+ source /validator/tests/_shared/runtime_helpers.sh
++ set -euo pipefail
++ mktemp -d
+ tmpdir=/tmp/validator-tmp
+ trap 'rm -rf "$tmpdir"' EXIT
+ python3 - /tmp/validator-tmp/in.ppm
+ cjpeg /tmp/validator-tmp/in.ppm
+ vipsheader /tmp/validator-tmp/in.jpg
+ tee /tmp/validator-tmp/out
/tmp/validator-tmp/in.jpg: 4x3 uchar, 3 bands, srgb, jpegload
+ validator_assert_contains /tmp/validator-tmp/out jpegload
+ local path=/tmp/validator-tmp/out
+ local needle=jpegload
+ grep -Fq -- jpegload /tmp/validator-tmp/out
+ rm -rf /tmp/validator-tmp
