#0 building with "default" instance using docker driver

#1 [internal] load build definition from Dockerfile
#1 DONE 0.0s

#1 [internal] load build definition from Dockerfile
#1 transferring dockerfile: 857B done
#1 DONE 0.0s

#2 [internal] load metadata for docker.io/library/ubuntu:24.04
#2 DONE 0.0s

#3 [internal] load .dockerignore
#3 transferring context: 2B done
#3 DONE 0.0s

#4 [1/2] FROM docker.io/library/ubuntu:24.04
#4 DONE 0.0s

#5 [2/2] RUN apt-get update  && apt-get install -y --no-install-recommends       build-essential       ca-certificates       cmake       dbus-x11       emacs-gtk       ffmpeg       file       gimp       libgdk-pixbuf2.0-bin       libgif-dev       libglut-dev       libjpeg-dev       libpng-dev       libsail-common-dev       libsail-dev       libsdl2-image-dev       libtiff-dev       libvips-dev       libvips-tools       libwebkit2gtk-4.1-dev       libreoffice-core       libreoffice-draw       pkg-config       python3       python3-pil       qt6-base-dev       qt6-image-formats-plugins       sail-codecs       shotwell       webp-pixbuf-loader       xauth       xvfb  && rm -rf /var/lib/apt/lists/*
#5 CACHED

#6 exporting to image
#6 exporting layers done
#6 writing image sha256:f6da14039ef902183d294f41e1232f382126705706d2dc80454ee1e7f47ab38a done
#6 naming to docker.io/library/libwebp-original-test:ubuntu24.04 done
#6 DONE 0.0s

==> Building original libwebp

==> Preparing shared fixtures

==> Tool smoke: cwebp

==> Tool smoke: dwebp

==> Tool smoke: gif2webp

==> Tool smoke: img2webp

==> Tool smoke: webpinfo

==> Tool smoke: webpmux

==> Tool smoke: anim_dump

==> Tool smoke: anim_diff

==> Tool smoke: vwebp

==> Installed surface: pkg-config-libwebp

==> Installed surface: pkg-config-libsharpyuv

==> Installed surface: pkg-config-libwebpdecoder

==> Installed surface: pkg-config-libwebpdemux

==> Installed surface: pkg-config-libwebpmux

==> Installed surface: cmake-webp

==> GIMP

==> Pillow
2

==> WebKitGTK

==> Qt 6 Image Formats Plugins

==> SDL2_image

==> libvips

==> GNU Emacs (GTK build)

==> Shotwell

==> LibreOffice

==> webp-pixbuf-loader

==> SAIL codecs

==> FFmpeg libavcodec

==> Harness checks passed
