$ docker build --tag validator-libyaml-shared-db6e2710e7c2 --file /tmp/validator-run-matrix-libyaml-47m2iaz7/libyaml/Dockerfile /tmp/validator-run-matrix-libyaml-47m2iaz7
#0 building with "default" instance using docker driver

#1 [internal] load build definition from Dockerfile
#1 transferring dockerfile: 843B done
#1 DONE 0.0s

#2 [internal] load metadata for docker.io/library/ubuntu:24.04
#2 DONE 0.0s

#3 [internal] load .dockerignore
#3 transferring context: 2B done
#3 DONE 0.0s

#4 [1/6] FROM docker.io/library/ubuntu:24.04
#4 DONE 0.0s

#5 [internal] load build context
#5 transferring context: 630.72kB done
#5 DONE 0.0s

#6 [2/6] RUN apt-get update  && apt-get install -y --no-install-recommends       libyaml-0-2       libyaml-dev       python3-yaml       bash       build-essential       ca-certificates       coreutils       file       jq       pkg-config       python3  && rm -rf /var/lib/apt/lists/*
#6 CACHED

#7 [3/6] WORKDIR /validator
#7 CACHED

#8 [4/6] COPY _shared/ /validator/tests/_shared/
#8 CACHED

#9 [5/6] COPY libyaml/ /validator/tests/libyaml/
#9 CACHED

#10 [6/6] RUN find /validator/tests/_shared -maxdepth 1 -type f -name '*.sh' -exec chmod +x {} +  && chmod +x /validator/tests/libyaml/docker-entrypoint.sh /validator/tests/libyaml/tests/run.sh  && if [ -d /validator/tests/libyaml/tests/cases ]; then       find /validator/tests/libyaml/tests/cases -type f -name '*.sh' -exec chmod +x {} +;     fi
#10 CACHED

#11 exporting to image
#11 exporting layers done
#11 writing image sha256:f05cbdb76c53d2e9ccf3c35d94100679f6576a096c3083b62e33b43158250bb8 done
#11 naming to docker.io/library/validator-libyaml-shared-db6e2710e7c2 done
#11 DONE 0.0s
