$ docker build --tag validator-libxml-shared-109323864dba --file /tmp/validator-run-matrix-libxml-zb2yq0yi/libxml/Dockerfile /tmp/validator-run-matrix-libxml-zb2yq0yi
#0 building with "default" instance using docker driver

#1 [internal] load build definition from Dockerfile
#1 transferring dockerfile: 967B done
#1 DONE 0.0s

#2 [internal] load metadata for docker.io/library/ubuntu:24.04
#2 DONE 0.0s

#3 [internal] load .dockerignore
#3 transferring context: 2B done
#3 DONE 0.0s

#4 [1/6] FROM docker.io/library/ubuntu:24.04
#4 DONE 0.0s

#5 [internal] load build context
#5 transferring context: 54.87MB 0.4s done
#5 DONE 0.4s

#6 [5/6] COPY libxml/ /validator/tests/libxml/
#6 CACHED

#7 [2/6] RUN apt-get update  && apt-get install -y --no-install-recommends       libxml2       libxml2-dev       libxml2-utils       python3-libxml2       python3-lxml       xmlstarlet       bash       build-essential       ca-certificates       coreutils       file       jq       liblzma-dev       perl       pkg-config       python3       xsltproc       zlib1g-dev  && rm -rf /var/lib/apt/lists/*
#7 CACHED

#8 [3/6] WORKDIR /validator
#8 CACHED

#9 [4/6] COPY _shared/ /validator/tests/_shared/
#9 CACHED

#10 [6/6] RUN find /validator/tests/_shared -maxdepth 1 -type f -name '*.sh' -exec chmod +x {} +  && chmod +x /validator/tests/libxml/docker-entrypoint.sh /validator/tests/libxml/tests/run.sh  && if [ -d /validator/tests/libxml/tests/cases ]; then       find /validator/tests/libxml/tests/cases -type f -name '*.sh' -exec chmod +x {} +;     fi
#10 CACHED

#11 exporting to image
#11 exporting layers done
#11 writing image sha256:3be91fa8d1d765bdb655758a2eb9014cb00cb6d25d04e35a09ea9848ec58481a done
#11 naming to docker.io/library/validator-libxml-shared-109323864dba done
#11 DONE 0.0s
