$ docker run --rm -t --mount type=bind,src=/tmp/validator-status-libxml-xmllint-parse-format,dst=/validator/status validator-libxml-shared bash -lc 'set -euo pipefail
/validator/tests/_shared/install_override_debs.sh
exec /validator/tests/_shared/run_library_tests.sh "$@"' validator-testcase libxml xmllint-parse-format -- bash -x /validator/tests/libxml/tests/cases/source/xmllint-parse-format.sh
no override packages found; continuing with apt originals
+ set -euo pipefail
+ source /validator/tests/_shared/runtime_helpers.sh
++ set -euo pipefail
++ mktemp -d
+ tmpdir=/tmp/validator-tmp
+ trap 'rm -rf "$tmpdir"' EXIT
+ printf '<root><item id="1">alpha</item></root>\n'
+ xmllint --noout /tmp/validator-tmp/in.xml
+ tee /tmp/validator-tmp/f.xml
+ xmllint --format /tmp/validator-tmp/in.xml
<?xml version="1.0"?>
<root>
  <item id="1">alpha</item>
</root>
+ grep '<item id="1">alpha</item>' /tmp/validator-tmp/f.xml
  <item id="1">alpha</item>
+ rm -rf /tmp/validator-tmp
