$ docker run --rm -t --mount type=bind,src=/tmp/validator-status-libcsv-example-tool-compile-run,dst=/validator/status validator-libcsv-shared bash -lc 'set -euo pipefail
/validator/tests/_shared/install_override_debs.sh
exec /validator/tests/_shared/run_library_tests.sh "$@"' validator-testcase libcsv example-tool-compile-run -- bash -x /validator/tests/libcsv/tests/cases/source/example-tool-compile-run.sh
no override packages found; continuing with apt originals
+ set -euo pipefail
+ source /validator/tests/_shared/runtime_helpers.sh
++ set -euo pipefail
++ mktemp -d
+ tmpdir=/tmp/validator-tmp
+ trap 'rm -rf "$tmpdir"' EXIT
+ validator_require_file /validator/tests/libcsv/tests/fixtures/samples/tests/test_01.csv
+ local path=/validator/tests/libcsv/tests/fixtures/samples/tests/test_01.csv
+ [[ -f /validator/tests/libcsv/tests/fixtures/samples/tests/test_01.csv ]]
+ cat
+ gcc /tmp/validator-tmp/csv-client.c -o /tmp/validator-tmp/csv-client -lcsv
+ /tmp/validator-tmp/csv-client
+ tee /tmp/validator-tmp/out
1,2,3,4,5
+ grep , /tmp/validator-tmp/out
1,2,3,4,5
+ rm -rf /tmp/validator-tmp
