$ docker run --rm -t --mount type=bind,src=/tmp/validator-status-libcsv-parser-callback-behavior,dst=/validator/status validator-libcsv-shared bash -lc 'set -euo pipefail
/validator/tests/_shared/install_override_debs.sh
exec /validator/tests/_shared/run_library_tests.sh "$@"' validator-testcase libcsv parser-callback-behavior -- bash -x /validator/tests/libcsv/tests/cases/source/parser-callback-behavior.sh
no override packages found; continuing with apt originals
+ set -euo pipefail
+ source /validator/tests/_shared/runtime_helpers.sh
++ set -euo pipefail
++ mktemp -d
+ tmpdir=/tmp/validator-tmp
+ trap 'rm -rf "$tmpdir"' EXIT
+ cat
+ gcc /tmp/validator-tmp/t.c -o /tmp/validator-tmp/t -lcsv
+ /tmp/validator-tmp/t
field:name
field:score
row
field:alpha
field:42
row
fields=4 rows=2
+ rm -rf /tmp/validator-tmp
