$ docker run --rm -t --mount type=bind,src=/tmp/validator-status-libzstd-usage-libarchive-tools-zstd-metadata-list,dst=/validator/status validator-libzstd-shared bash -lc 'set -euo pipefail
/validator/tests/_shared/install_override_debs.sh
exec /validator/tests/_shared/run_library_tests.sh "$@"' validator-testcase libzstd usage-libarchive-tools-zstd-metadata-list -- bash -x /validator/tests/libzstd/tests/cases/usage/usage-libarchive-tools-zstd-metadata-list.sh
no override packages found; continuing with apt originals
+ set -euo pipefail
+ source /validator/tests/_shared/runtime_helpers.sh
++ set -euo pipefail
++ mktemp -d
+ tmpdir=/tmp/validator-tmp
+ trap 'rm -rf "$tmpdir"' EXIT
+ mkdir -p /tmp/validator-tmp/in
+ printf '#!/usr/bin/env sh\nprintf zstd-metadata\n'
+ chmod 755 /tmp/validator-tmp/in/run.sh
+ bsdtar --zstd -cf /tmp/validator-tmp/a.tar.zstd -C /tmp/validator-tmp/in run.sh
+ bsdtar -tvf /tmp/validator-tmp/a.tar.zstd
+ grep -Fq run.sh /tmp/validator-tmp/list
+ grep -Eq '^-rwx' /tmp/validator-tmp/list
+ printf 'zstd metadata list ok\n'
zstd metadata list ok
+ rm -rf /tmp/validator-tmp
