$ docker build --tag validator-libvips-shared-acb49e6c1077 --file /tmp/validator-run-matrix-libvips-fc8zpepb/libvips/Dockerfile /tmp/validator-run-matrix-libvips-fc8zpepb
#0 building with "default" instance using docker driver

#1 [internal] load build definition from Dockerfile
#1 transferring dockerfile: 1.04kB done
#1 DONE 0.0s

#2 [internal] load metadata for docker.io/library/ubuntu:24.04
#2 DONE 0.0s

#3 [internal] load .dockerignore
#3 transferring context: 2B done
#3 DONE 0.0s

#4 [1/6] FROM docker.io/library/ubuntu:24.04
#4 DONE 0.0s

#5 [internal] load build context
#5 transferring context: 23.06MB 0.0s done
#5 DONE 0.1s

#6 [5/6] COPY libvips/ /validator/tests/libvips/
#6 CACHED

#7 [2/6] RUN apt-get update  && apt-get install -y --no-install-recommends       libvips42t64       libvips-dev       libvips-tools       gir1.2-vips-8.0       ruby-vips       bash       bc       build-essential       ca-certificates       coreutils       file       gobject-introspection       jq       libffi-dev       libgirepository1.0-dev       libglib2.0-dev       pkg-config       python3       python3-cffi       python3-pytest  && rm -rf /var/lib/apt/lists/*
#7 CACHED

#8 [3/6] WORKDIR /validator
#8 CACHED

#9 [4/6] COPY _shared/ /validator/tests/_shared/
#9 CACHED

#10 [6/6] RUN find /validator/tests/_shared -maxdepth 1 -type f -name '*.sh' -exec chmod +x {} +  && chmod +x /validator/tests/libvips/docker-entrypoint.sh /validator/tests/libvips/tests/run.sh  && if [ -d /validator/tests/libvips/tests/cases ]; then       find /validator/tests/libvips/tests/cases -type f -name '*.sh' -exec chmod +x {} +;     fi
#10 CACHED

#11 exporting to image
#11 exporting layers done
#11 writing image sha256:293194ea5d95bcc39baf4a260e78308dcacbda9a61f2c8dfa1530d187a20eb37
#11 writing image sha256:293194ea5d95bcc39baf4a260e78308dcacbda9a61f2c8dfa1530d187a20eb37 0.2s done
#11 naming to docker.io/library/validator-libvips-shared-acb49e6c1077
#11 naming to docker.io/library/validator-libvips-shared-acb49e6c1077 done
#11 DONE 0.2s
