$ docker run --rm -t --mount type=bind,src=/tmp/validator-status-libvips-metadata-header-checks,dst=/validator/status validator-libvips-shared bash -lc 'set -euo pipefail
/validator/tests/_shared/install_override_debs.sh
exec /validator/tests/_shared/run_library_tests.sh "$@"' validator-testcase libvips metadata-header-checks -- bash -c 'PS4=$1; shift; set -x; source "$@"' validator-xtrace '__VALIDATOR_XTRACE__ ' /validator/tests/libvips/tests/cases/source/metadata-header-checks.sh
no override packages found; continuing with apt originals
/validator/tests/libvips/tests/fixtures/samples/test/test-suite/images/sample.png: 290x442 ushort, 3 bands, rgb16, pngload
width: 290
height: 442
bands: 3
format: ushort
coding: none
interpretation: rgb16
xoffset: 0
yoffset: 0
xres: 11.811
yres: 11.811
filename: /validator/tests/libvips/tests/fixtures/samples/test/test-suite/images/sample.png
vips-loader: pngload
xmp-data: 17 bytes of binary data
bits-per-sample: 16
/validator/tests/libvips/tests/fixtures/samples/test/test-suite/images/sample.png: 290x442 ushort, 3 bands, rgb16, pngload
width: 290
height: 442
bands: 3
