$ docker build --tag validator-libbz2-shared-86718bb902f3 --file /tmp/validator-run-matrix-libbz2-9qt4x83l/libbz2/Dockerfile /tmp/validator-run-matrix-libbz2-9qt4x83l
#0 building with "default" instance using docker driver

#1 [internal] load build definition from Dockerfile
#1 transferring dockerfile: 841B done
#1 DONE 0.0s

#2 [internal] load metadata for docker.io/library/ubuntu:24.04
#2 DONE 0.0s

#3 [internal] load .dockerignore
#3 transferring context: 2B done
#3 DONE 0.0s

#4 [1/6] FROM docker.io/library/ubuntu:24.04
#4 DONE 0.0s

#5 [internal] load build context
#5 transferring context: 3.23MB 0.0s done
#5 DONE 0.0s

#6 [4/6] COPY _shared/ /validator/tests/_shared/
#6 CACHED

#7 [3/6] WORKDIR /validator
#7 CACHED

#8 [2/6] RUN apt-get update  && apt-get install -y --no-install-recommends       libbz2-1.0       libbz2-dev       bzip2       bash       build-essential       ca-certificates       coreutils       file       jq       perl       pkg-config       python3  && rm -rf /var/lib/apt/lists/*
#8 CACHED

#9 [5/6] COPY libbz2/ /validator/tests/libbz2/
#9 CACHED

#10 [6/6] RUN find /validator/tests/_shared -maxdepth 1 -type f -name '*.sh' -exec chmod +x {} +  && chmod +x /validator/tests/libbz2/docker-entrypoint.sh /validator/tests/libbz2/tests/run.sh  && if [ -d /validator/tests/libbz2/tests/cases ]; then       find /validator/tests/libbz2/tests/cases -type f -name '*.sh' -exec chmod +x {} +;     fi
#10 CACHED

#11 exporting to image
#11 exporting layers done
#11 writing image sha256:014ab6eb1d052089b2a12cab9ed7d00e98305fa017b94e94866f628800077753 done
#11 naming to docker.io/library/validator-libbz2-shared-86718bb902f3 done
#11 DONE 0.0s
