$ docker run --rm -t --mount type=bind,src=/tmp/validator-status-libbz2-stream-concatenation,dst=/validator/status validator-libbz2-shared bash -lc 'set -euo pipefail
/validator/tests/_shared/install_override_debs.sh
exec /validator/tests/_shared/run_library_tests.sh "$@"' validator-testcase libbz2 stream-concatenation -- bash -x /validator/tests/libbz2/tests/cases/source/stream-concatenation.sh
no override packages found; continuing with apt originals
+ set -euo pipefail
+ source /validator/tests/_shared/runtime_helpers.sh
++ set -euo pipefail
++ mktemp -d
+ tmpdir=/tmp/validator-tmp
+ trap 'rm -rf "$tmpdir"' EXIT
+ printf 'first\n'
+ printf 'second\n'
+ bzip2 -c /tmp/validator-tmp/one
+ bzip2 -c /tmp/validator-tmp/two
+ cat /tmp/validator-tmp/one.bz2 /tmp/validator-tmp/two.bz2
+ bunzip2 -c /tmp/validator-tmp/both.bz2
+ tee /tmp/validator-tmp/out
first
second
+ cmp /dev/fd/63 /tmp/validator-tmp/out
++ printf 'first\nsecond\n'
+ rm -rf /tmp/validator-tmp
