$ docker run --rm -t --mount type=bind,src=/tmp/validator-status-libbz2-usage-bzip2-compress-file,dst=/validator/status validator-libbz2-shared bash -lc 'set -euo pipefail
/validator/tests/_shared/install_override_debs.sh
exec /validator/tests/_shared/run_library_tests.sh "$@"' validator-testcase libbz2 usage-bzip2-compress-file -- bash -x /validator/tests/libbz2/tests/cases/usage/usage-bzip2-compress-file.sh
no override packages found; continuing with apt originals
+ set -euo pipefail
+ source /validator/tests/_shared/runtime_helpers.sh
++ set -euo pipefail
++ mktemp -d
+ tmpdir=/tmp/validator-tmp
+ trap 'rm -rf "$tmpdir"' EXIT
+ printf 'alpha beta\n'
+ bzip2 -k /tmp/validator-tmp/in.txt
+ bzip2 -dc /tmp/validator-tmp/in.txt.bz2
+ tee /tmp/validator-tmp/out
alpha beta
+ validator_assert_contains /tmp/validator-tmp/out 'alpha beta'
+ local path=/tmp/validator-tmp/out
+ local 'needle=alpha beta'
+ grep -Fq -- 'alpha beta' /tmp/validator-tmp/out
+ rm -rf /tmp/validator-tmp
