$ docker run --rm -t --mount type=bind,src=/tmp/validator-status-libbz2-usage-bzip2-force-overwrite,dst=/validator/status validator-libbz2-shared bash -lc 'set -euo pipefail
/validator/tests/_shared/install_override_debs.sh
exec /validator/tests/_shared/run_library_tests.sh "$@"' validator-testcase libbz2 usage-bzip2-force-overwrite -- bash -x /validator/tests/libbz2/tests/cases/usage/usage-bzip2-force-overwrite.sh
no override packages found; continuing with apt originals
+ set -euo pipefail
+ source /validator/tests/_shared/runtime_helpers.sh
++ set -euo pipefail
++ mktemp -d
+ tmpdir=/tmp/validator-tmp
+ trap 'rm -rf "$tmpdir"' EXIT
+ printf 'old compressed payload\n'
+ bzip2 -kf /tmp/validator-tmp/payload
+ printf 'new compressed payload\n'
+ bzip2 -kf /tmp/validator-tmp/payload
+ printf 'new compressed payload\n'
+ bunzip2 -kc /tmp/validator-tmp/payload.bz2
+ cmp /tmp/validator-tmp/expected /tmp/validator-tmp/out
+ printf 'bzip2 force overwrite ok\n'
bzip2 force overwrite ok
+ rm -rf /tmp/validator-tmp
