$ docker run --rm -t --mount type=bind,src=/tmp/validator-status-libxml-usage-python3-lxml-xinclude-xml,dst=/validator/status validator-libxml-shared bash -lc 'set -euo pipefail
/validator/tests/_shared/install_override_debs.sh
exec /validator/tests/_shared/run_library_tests.sh "$@"' validator-testcase libxml usage-python3-lxml-xinclude-xml -- bash -x /validator/tests/libxml/tests/cases/usage/usage-python3-lxml-xinclude-xml.sh
no override packages found; continuing with apt originals
+ set -euo pipefail
+ source /validator/tests/_shared/runtime_helpers.sh
++ set -euo pipefail
++ mktemp -d
+ tmpdir=/tmp/validator-tmp
+ trap 'rm -rf "$tmpdir"' EXIT
+ cat
+ cat
+ python3 - /tmp/validator-tmp/main.xml
+ tee /tmp/validator-tmp/out
fragment-value
+ validator_assert_contains /tmp/validator-tmp/out fragment-value
+ local path=/tmp/validator-tmp/out
+ local needle=fragment-value
+ grep -Fq -- fragment-value /tmp/validator-tmp/out
+ rm -rf /tmp/validator-tmp
