$ docker build --tag validator-libtiff-shared-922fa22f9202 --file /tmp/validator-run-matrix-libtiff-q3rjw30c/libtiff/Dockerfile /tmp/validator-run-matrix-libtiff-q3rjw30c
#0 building with "default" instance using docker driver

#1 [internal] load build definition from Dockerfile
#1 transferring dockerfile: 1.04kB done
#1 DONE 0.0s

#2 [internal] load metadata for docker.io/library/ubuntu:24.04
#2 DONE 0.0s

#3 [internal] load .dockerignore
#3 transferring context: 2B done
#3 DONE 0.0s

#4 [1/6] FROM docker.io/library/ubuntu:24.04
#4 DONE 0.0s

#5 [internal] load build context
#5 transferring context: 1.56MB 0.0s done
#5 DONE 0.0s

#6 [3/6] WORKDIR /validator
#6 CACHED

#7 [2/6] RUN apt-get update  && apt-get install -y --no-install-recommends       libtiff6       libtiffxx6       libtiff-dev       libtiff-tools       python3-pil       bash       build-essential       ca-certificates       coreutils       file       ghostscript       jq       libjbig-dev       libjpeg-dev       liblzma-dev       libwebp-dev       netpbm       pkg-config       poppler-utils       python3       zlib1g-dev  && rm -rf /var/lib/apt/lists/*
#7 CACHED

#8 [4/6] COPY _shared/ /validator/tests/_shared/
#8 CACHED

#9 [5/6] COPY libtiff/ /validator/tests/libtiff/
#9 CACHED

#10 [6/6] RUN find /validator/tests/_shared -maxdepth 1 -type f -name '*.sh' -exec chmod +x {} +  && chmod +x /validator/tests/libtiff/docker-entrypoint.sh /validator/tests/libtiff/tests/run.sh  && if [ -d /validator/tests/libtiff/tests/cases ]; then       find /validator/tests/libtiff/tests/cases -type f -name '*.sh' -exec chmod +x {} +;     fi
#10 CACHED

#11 exporting to image
#11 exporting layers done
#11 writing image sha256:5fce2dca4ac7ee8d2d5b005580b87d8ee077da2d77bb02eb5cded3b0b44e95a4 done
#11 naming to docker.io/library/validator-libtiff-shared-922fa22f9202 done
#11 DONE 0.0s
