$ docker build --tag validator-libjson-shared-869a9a2a5ff6 --file /tmp/validator-run-matrix-libjson-grbj0pco/libjson/Dockerfile /tmp/validator-run-matrix-libjson-grbj0pco
#0 building with "default" instance using docker driver

#1 [internal] load build definition from Dockerfile
#1 transferring dockerfile: 880B done
#1 DONE 0.0s

#2 [internal] load metadata for docker.io/library/ubuntu:24.04
#2 DONE 0.0s

#3 [internal] load .dockerignore
#3 transferring context: 2B done
#3 DONE 0.0s

#4 [1/6] FROM docker.io/library/ubuntu:24.04
#4 DONE 0.0s

#5 [internal] load build context
#5 transferring context: 907.84kB 0.0s done
#5 DONE 0.0s

#6 [3/6] WORKDIR /validator
#6 CACHED

#7 [5/6] COPY libjson/ /validator/tests/libjson/
#7 CACHED

#8 [2/6] RUN apt-get update  && apt-get install -y --no-install-recommends       libjson-c5       libjson-c-dev       gdal-bin       ttyd       curl       bash       build-essential       ca-certificates       cmake       coreutils       file       jq       pkg-config       python3  && rm -rf /var/lib/apt/lists/*
#8 CACHED

#9 [4/6] COPY _shared/ /validator/tests/_shared/
#9 CACHED

#10 [6/6] RUN find /validator/tests/_shared -maxdepth 1 -type f -name '*.sh' -exec chmod +x {} +  && chmod +x /validator/tests/libjson/docker-entrypoint.sh /validator/tests/libjson/tests/run.sh  && if [ -d /validator/tests/libjson/tests/cases ]; then       find /validator/tests/libjson/tests/cases -type f -name '*.sh' -exec chmod +x {} +;     fi
#10 CACHED

#11 exporting to image
#11 exporting layers done
#11 writing image sha256:9d9aca5511d3b1822af1178d153509d58b0912a080925cead737c6a530175f05 done
#11 naming to docker.io/library/validator-libjson-shared-869a9a2a5ff6 done
#11 DONE 0.0s
