$ docker run --rm -t --mount type=bind,src=/tmp/validator-status-libjpeg-turbo-cjpeg-djpeg-roundtrip,dst=/validator/status validator-libjpeg-turbo-shared bash -lc 'set -euo pipefail
/validator/tests/_shared/install_override_debs.sh
exec /validator/tests/_shared/run_library_tests.sh "$@"' validator-testcase libjpeg-turbo cjpeg-djpeg-roundtrip -- bash -x /validator/tests/libjpeg-turbo/tests/cases/source/cjpeg-djpeg-roundtrip.sh
no override packages found; continuing with apt originals
+ set -euo pipefail
+ source /validator/tests/_shared/runtime_helpers.sh
++ set -euo pipefail
++ mktemp -d
+ tmpdir=/tmp/validator-tmp
+ trap 'rm -rf "$tmpdir"' EXIT
+ python3 - /tmp/validator-tmp/in.ppm
+ cjpeg /tmp/validator-tmp/in.ppm
+ djpeg -ppm /tmp/validator-tmp/a.jpg
+ head -n 3 /tmp/validator-tmp/out.ppm
P6
2 2
255
+ file /tmp/validator-tmp/a.jpg
/tmp/validator-tmp/a.jpg: JPEG image data, JFIF standard 1.01, aspect ratio, density 1x1, segment length 16, baseline, precision 8, 2x2, components 3
+ rm -rf /tmp/validator-tmp
