$ docker build --tag validator-libjpeg-turbo-shared-d001eaa059cf --file /tmp/validator-run-matrix-libjpeg-turbo-b9loh3nx/libjpeg-turbo/Dockerfile /tmp/validator-run-matrix-libjpeg-turbo-b9loh3nx
#0 building with "default" instance using docker driver

#1 [internal] load build definition from Dockerfile
#1 DONE 0.0s

#1 [internal] load build definition from Dockerfile
#1 transferring dockerfile: 1.03kB done
#1 DONE 0.0s

#2 [internal] load metadata for docker.io/library/ubuntu:24.04
#2 DONE 0.0s

#3 [internal] load .dockerignore
#3 transferring context: 2B done
#3 DONE 0.0s

#4 [1/6] FROM docker.io/library/ubuntu:24.04
#4 DONE 0.0s

#5 [internal] load build context
#5 transferring context: 9.25MB 0.0s done
#5 DONE 0.1s

#6 [5/6] COPY libjpeg-turbo/ /validator/tests/libjpeg-turbo/
#6 CACHED

#7 [2/6] RUN apt-get update  && apt-get install -y --no-install-recommends       libjpeg-turbo8       libjpeg-turbo8-dev       libturbojpeg       libturbojpeg0-dev       libjpeg-turbo-progs       python3-pil       libvips-tools       bash       build-essential       ca-certificates       cmake       coreutils       default-jre-headless       file       jq       pkg-config       python3  && rm -rf /var/lib/apt/lists/*
#7 CACHED

#8 [3/6] WORKDIR /validator
#8 CACHED

#9 [4/6] COPY _shared/ /validator/tests/_shared/
#9 CACHED

#10 [6/6] RUN find /validator/tests/_shared -maxdepth 1 -type f -name '*.sh' -exec chmod +x {} +  && chmod +x /validator/tests/libjpeg-turbo/docker-entrypoint.sh /validator/tests/libjpeg-turbo/tests/run.sh  && if [ -d /validator/tests/libjpeg-turbo/tests/cases ]; then       find /validator/tests/libjpeg-turbo/tests/cases -type f -name '*.sh' -exec chmod +x {} +;     fi
#10 CACHED

#11 exporting to image
#11 exporting layers done
#11 writing image sha256:ac9a3006f043b72011f43152746c08cbddaadc4cf2c530c1a47cbc2f7140220b done
#11 naming to docker.io/library/validator-libjpeg-turbo-shared-d001eaa059cf done
#11 DONE 0.0s
