#0 building with "default" instance using docker driver

#1 [internal] load build definition from Dockerfile
#1 DONE 0.0s

#1 [internal] load build definition from Dockerfile
#1 transferring dockerfile: 1.05kB done
#1 DONE 0.0s

#2 [internal] load metadata for docker.io/library/ubuntu:24.04
#2 DONE 0.0s

#3 [internal] load .dockerignore
#3 transferring context: 2B done
#3 DONE 0.0s

#4 [1/4] FROM docker.io/library/ubuntu:24.04
#4 DONE 0.0s

#5 [internal] load build context
#5 transferring context: 54.84MB 0.4s done
#5 DONE 0.4s

#6 [2/4] RUN sed 's/^Types: deb$/Types: deb-src/' /etc/apt/sources.list.d/ubuntu.sources       > /etc/apt/sources.list.d/ubuntu-src.sources  && apt-get update  && apt-get install -y --no-install-recommends       build-essential       ca-certificates       cmake       curl       cyrus-admin       cyrus-caldav       cyrus-imapd       dbus-x11       dpkg-dev       kdoctools5       liblzma-dev       libvirt-clients       libvirt-daemon       libxml2-dev       mariadb-client       mariadb-plugin-connect       mariadb-server       netcat-openbsd       ninja-build       openbox       php8.3-cli       php8.3-xml       postgresql-16       procps       python3       python3-lxml       pkg-config       sasl2-bin       xclip       xdotool       xauth       xmlstarlet       xvfb       yelp       yelp-tools       zlib1g-dev  && rm -rf /var/lib/apt/lists/*
#6 CACHED

#7 [3/4] COPY . /work
#7 CACHED

#8 [4/4] WORKDIR /work
#8 CACHED

#9 exporting to image
#9 exporting layers done
#9 writing image sha256:20ec7903bdf19a88c807009c412635f939fb889462006a2f829c922822a0939d done
#9 naming to docker.io/library/libxml-original-test:ubuntu24.04 done
#9 DONE 0.0s

==> Building original libxml

==> Verifying dynamic linker preference

==> libvirt-daemon

==> postgresql-16

==> php8.3-xml

==> python3-lxml

==> xmlstarlet

==> mariadb-plugin-connect

==> cyrus-caldav

==> yelp

==> libobt2v5

==> kdoctools5

==> yelp-tools

==> llvm-toolchain-18

==> All dependent checks passed
