$ docker build --tag validator-libzstd-shared-146ed76315e8 --file /tmp/validator-run-matrix-libzstd-_s57zrtn/libzstd/Dockerfile /tmp/validator-run-matrix-libzstd-_s57zrtn
#0 building with "default" instance using docker driver

#1 [internal] load build definition from Dockerfile
#1 transferring dockerfile: 857B done
#1 DONE 0.0s

#2 [internal] load metadata for docker.io/library/ubuntu:24.04
#2 DONE 0.0s

#3 [internal] load .dockerignore
#3 transferring context: 2B done
#3 DONE 0.0s

#4 [1/6] FROM docker.io/library/ubuntu:24.04
#4 DONE 0.0s

#5 [internal] load build context
#5 transferring context: 7.08MB 0.0s done
#5 DONE 0.1s

#6 [4/6] COPY _shared/ /validator/tests/_shared/
#6 CACHED

#7 [5/6] COPY libzstd/ /validator/tests/libzstd/
#7 CACHED

#8 [2/6] RUN apt-get update  && apt-get install -y --no-install-recommends       libzstd1       libzstd-dev       zstd       libarchive-tools       bash       build-essential       ca-certificates       coreutils       file       jq       pkg-config       python3  && rm -rf /var/lib/apt/lists/*
#8 CACHED

#9 [3/6] WORKDIR /validator
#9 CACHED

#10 [6/6] RUN find /validator/tests/_shared -maxdepth 1 -type f -name '*.sh' -exec chmod +x {} +  && chmod +x /validator/tests/libzstd/docker-entrypoint.sh /validator/tests/libzstd/tests/run.sh  && if [ -d /validator/tests/libzstd/tests/cases ]; then       find /validator/tests/libzstd/tests/cases -type f -name '*.sh' -exec chmod +x {} +;     fi
#10 CACHED

#11 exporting to image
#11 exporting layers done
#11 writing image sha256:6456e4890d22f6ac5c346f134cc1f251c5bc48fb1012d76ff1d7599d8a155465 done
#11 naming to docker.io/library/validator-libzstd-shared-146ed76315e8 done
#11 DONE 0.0s
