$ docker build --tag validator-libuv-shared-962b52612ab7 --file /tmp/validator-run-matrix-libuv-506xcjrm/libuv/Dockerfile /tmp/validator-run-matrix-libuv-506xcjrm
#0 building with "default" instance using docker driver

#1 [internal] load build definition from Dockerfile
#1 transferring dockerfile: 822B done
#1 DONE 0.0s

#2 [internal] load metadata for docker.io/library/ubuntu:24.04
#2 DONE 0.0s

#3 [internal] load .dockerignore
#3 transferring context: 2B done
#3 DONE 0.0s

#4 [1/6] FROM docker.io/library/ubuntu:24.04
#4 DONE 0.0s

#5 [internal] load build context
#5 transferring context: 4.53MB 0.0s done
#5 DONE 0.0s

#6 [2/6] RUN apt-get update  && apt-get install -y --no-install-recommends       libuv1t64       libuv1-dev       nodejs       bash       build-essential       ca-certificates       coreutils       file       jq       pkg-config       python3  && rm -rf /var/lib/apt/lists/*
#6 CACHED

#7 [3/6] WORKDIR /validator
#7 CACHED

#8 [4/6] COPY _shared/ /validator/tests/_shared/
#8 CACHED

#9 [5/6] COPY libuv/ /validator/tests/libuv/
#9 CACHED

#10 [6/6] RUN find /validator/tests/_shared -maxdepth 1 -type f -name '*.sh' -exec chmod +x {} +  && chmod +x /validator/tests/libuv/docker-entrypoint.sh /validator/tests/libuv/tests/run.sh  && if [ -d /validator/tests/libuv/tests/cases ]; then       find /validator/tests/libuv/tests/cases -type f -name '*.sh' -exec chmod +x {} +;     fi
#10 CACHED

#11 exporting to image
#11 exporting layers done
#11 writing image sha256:ba5215129a170b9373401c8d98ee3178dacd5885de1692222c66b82465cef34a done
#11 naming to docker.io/library/validator-libuv-shared-962b52612ab7 done
#11 DONE 0.0s
