#0 building with "default" instance using docker driver

#1 [internal] load build definition from Dockerfile
#1 transferring dockerfile: 1.52kB done
#1 DONE 0.0s

#2 [internal] load metadata for docker.io/library/ubuntu:24.04
#2 DONE 0.0s

#3 [internal] load .dockerignore
#3 transferring context: 2B done
#3 DONE 0.0s

#4 [1/5] FROM docker.io/library/ubuntu:24.04
#4 DONE 0.0s

#5 [internal] load build context
#5 transferring context: 4.41MB 0.0s done
#5 DONE 0.0s

#6 [2/5] WORKDIR /opt/libzstd-matrix
#6 CACHED

#7 [3/5] RUN apt-get update && apt-get install -y --no-install-recommends     apt     apt-utils     btrfs-progs     build-essential     ca-certificates     cmake     cpio     curl     debhelper     devscripts     dh-package-notes     dpkg-dev     fakeroot     file     help2man     jq     libarchive-tools     liblz4-dev     liblzma-dev     libtiff-tools     less     pkgconf     python3     python3-pil     qemu-utils     rpm     rsync     squashfs-tools     systemd     zarchive-tools     zlib1g-dev     zstd &&     rm -rf /var/lib/apt/lists/*
#7 CACHED

#8 [4/5] COPY . /opt/libzstd-matrix
#8 CACHED

#9 [5/5] RUN chmod 0755         /opt/libzstd-matrix/safe/docker/dependents/entrypoint.sh         /opt/libzstd-matrix/safe/scripts/check-dependent-compile-compat.sh &&     pkg_dir=/opt/libzstd-matrix/safe/out/deb/default/packages &&     shopt -s nullglob &&     lib_debs=("$pkg_dir"/libzstd1_*.deb) &&     dev_debs=("$pkg_dir"/libzstd-dev_*.deb) &&     cli_debs=("$pkg_dir"/zstd_*.deb) &&     [[ ${#lib_debs[@]} -eq 1 && ${#dev_debs[@]} -eq 1 && ${#cli_debs[@]} -eq 1 ]] &&     dpkg --unpack "${dev_debs[0]}" "${cli_debs[0]}" "${lib_debs[0]}" &&     dpkg --configure libzstd1 zstd libzstd-dev
#9 CACHED

#10 exporting to image
#10 exporting layers done
#10 writing image sha256:e8779f1fbcde7da326d13a88528d495ff9a01565affe6e4dda298ed2aa664436 done
#10 naming to docker.io/library/safelibs-libzstd-dependents:aa2c3fcbf1bfea73 done
#10 DONE 0.0s
[phase6] built dependent image safelibs-libzstd-dependents:aa2c3fcbf1bfea73 from ubuntu:24.04
[phase6] staged image context under /home/yans/safelibs/validator/artifacts/.workspace/host-harness/libzstd/safe/repo/safe/out/dependents/image-context

== compile compatibility ==
compiled apt: safe/tests/dependents/src/apt_probe.c against libzstd-dev 1.5.5+dfsg2-2build1.1+safelibs1
compiled dpkg: safe/tests/dependents/src/dpkg_probe.c against libzstd-dev 1.5.5+dfsg2-2build1.1+safelibs1
compiled rsync: safe/tests/dependents/src/rsync_probe.c against libzstd-dev 1.5.5+dfsg2-2build1.1+safelibs1
compiled systemd: safe/tests/dependents/src/systemd_probe.c against libzstd-dev 1.5.5+dfsg2-2build1.1+safelibs1
compiled libarchive: safe/tests/dependents/src/libarchive_probe.c against libzstd-dev 1.5.5+dfsg2-2build1.1+safelibs1
compiled btrfs-progs: safe/tests/dependents/src/btrfs-progs_probe.c against libzstd-dev 1.5.5+dfsg2-2build1.1+safelibs1
compiled squashfs-tools: safe/tests/dependents/src/squashfs-tools_probe.c against libzstd-dev 1.5.5+dfsg2-2build1.1+safelibs1
compiled qemu: safe/tests/dependents/src/qemu_probe.c against libzstd-dev 1.5.5+dfsg2-2build1.1+safelibs1
compiled curl: safe/tests/dependents/src/curl_probe.c against libzstd-dev 1.5.5+dfsg2-2build1.1+safelibs1
compiled tiff: safe/tests/dependents/src/tiff_probe.c against libzstd-dev 1.5.5+dfsg2-2build1.1+safelibs1
compiled rpm: safe/tests/dependents/src/rpm_probe.c against libzstd-dev 1.5.5+dfsg2-2build1.1+safelibs1
compiled zarchive: safe/tests/dependents/src/zarchive_probe.c against libzstd-dev 1.5.5+dfsg2-2build1.1+safelibs1
compiled 12 dependent probes into /out/compile-compat

== apt (libapt-pkg6.0t64) ==
dpkg-scanpackages: warning: Packages in archive but missing from override file:
dpkg-scanpackages: warning:   testpkg
dpkg-scanpackages: info: Wrote 1 entries to output Packages file.

== dpkg (dpkg) ==

== rsync (rsync) ==

== systemd (libsystemd-shared) ==

== libarchive (libarchive13t64) ==

== btrfs-progs (btrfs-progs) ==
At subvol /tmp/libzstd-dependent-tests/btrfs/mnt-src/subvol
At subvol subvol

== squashfs-tools (squashfs-tools) ==

== qemu (qemu-utils) ==

== curl (libcurl4t64) ==

== tiff (libtiff6) ==

== rpm (rpm) ==
+ umask 022
+ cd /tmp/libzstd-dependent-tests/rpm/rpmbuild/BUILD
+ RPM_EC=0
+ jobs -p
+ exit 0
+ umask 022
+ cd /tmp/libzstd-dependent-tests/rpm/rpmbuild/BUILD
+ RPM_EC=0
+ jobs -p
+ exit 0
+ umask 022
+ cd /tmp/libzstd-dependent-tests/rpm/rpmbuild/BUILD
+ /bin/rm -rf /tmp/libzstd-dependent-tests/rpm/rpmbuild/BUILDROOT/hello-1.0-1.x86_64
+ /bin/mkdir -p /tmp/libzstd-dependent-tests/rpm/rpmbuild/BUILDROOT
+ /bin/mkdir /tmp/libzstd-dependent-tests/rpm/rpmbuild/BUILDROOT/hello-1.0-1.x86_64
+ install -Dm0644 /tmp/libzstd-dependent-tests/rpm/rpmbuild/SOURCES/hello.txt /tmp/libzstd-dependent-tests/rpm/rpmbuild/BUILDROOT/hello-1.0-1.x86_64/usr/share/hello-rpm/hello.txt
+ /usr/lib/rpm/brp-compress /usr
+ /usr/lib/rpm/brp-elfperms
+ /usr/lib/rpm/brp-strip /usr/bin/strip
+ /usr/lib/rpm/brp-strip-static-archive /usr/bin/strip
+ /usr/lib/rpm/brp-strip-comment-note /usr/bin/strip /usr/bin/objdump
+ /usr/lib/rpm/brp-remove-la-files
+ umask 022
+ cd /tmp/libzstd-dependent-tests/rpm/rpmbuild/BUILD
+ /bin/rm -rf /tmp/libzstd-dependent-tests/rpm/rpmbuild/BUILDROOT/hello-1.0-1.x86_64
+ RPM_EC=0
+ jobs -p
+ exit 0
+ umask 022
+ cd /tmp/libzstd-dependent-tests/rpm/rpmbuild/BUILD
+ RPM_EC=0
+ jobs -p
+ exit 0
1 block

== zarchive (zarchive-tools) ==
Adding a.txt
Adding sub/b.txt
/a.txt
/sub
/sub/b.txt

== all dependent runtime tests passed ==
