$ docker run --rm -t --mount type=bind,src=/tmp/validator-status-giflib-interlaced-fixture-handling,dst=/validator/status validator-giflib-shared bash -lc 'set -euo pipefail
/validator/tests/_shared/install_override_debs.sh
exec /validator/tests/_shared/run_library_tests.sh "$@"' validator-testcase giflib interlaced-fixture-handling -- bash -x /validator/tests/giflib/tests/cases/source/interlaced-fixture-handling.sh
no override packages found; continuing with apt originals
+ set -euo pipefail
+ source /validator/tests/_shared/runtime_helpers.sh
++ set -euo pipefail
++ mktemp -d
+ tmpdir=/tmp/validator-tmp
+ trap 'rm -rf "$tmpdir"' EXIT
+ gif=/validator/tests/giflib/tests/fixtures/samples/pic/treescap-interlaced.gif
+ expected=/validator/tests/giflib/tests/fixtures/samples/tests/treescap-interlaced.rgb
+ validator_require_file /validator/tests/giflib/tests/fixtures/samples/pic/treescap-interlaced.gif
+ local path=/validator/tests/giflib/tests/fixtures/samples/pic/treescap-interlaced.gif
+ [[ -f /validator/tests/giflib/tests/fixtures/samples/pic/treescap-interlaced.gif ]]
+ validator_require_file /validator/tests/giflib/tests/fixtures/samples/tests/treescap-interlaced.rgb
+ local path=/validator/tests/giflib/tests/fixtures/samples/tests/treescap-interlaced.rgb
+ [[ -f /validator/tests/giflib/tests/fixtures/samples/tests/treescap-interlaced.rgb ]]
+ gif2rgb -1 -o /tmp/validator-tmp/out.rgb /validator/tests/giflib/tests/fixtures/samples/pic/treescap-interlaced.gif
+ cmp /validator/tests/giflib/tests/fixtures/samples/tests/treescap-interlaced.rgb /tmp/validator-tmp/out.rgb
+ rm -rf /tmp/validator-tmp
