$ docker build --tag validator-libcsv-shared-fcb151abe8db --file /tmp/validator-run-matrix-libcsv-yrgqf2ld/libcsv/Dockerfile /tmp/validator-run-matrix-libcsv-yrgqf2ld
#0 building with "default" instance using docker driver

#1 [internal] load build definition from Dockerfile
#1 DONE 0.0s

#1 [internal] load build definition from Dockerfile
#1 transferring dockerfile: 828B done
#1 DONE 0.0s

#2 [internal] load metadata for docker.io/library/ubuntu:24.04
#2 DONE 0.0s

#3 [internal] load .dockerignore
#3 transferring context: 2B done
#3 DONE 0.0s

#4 [1/6] FROM docker.io/library/ubuntu:24.04
#4 DONE 0.0s

#5 [internal] load build context
#5 transferring context: 1.25MB 0.0s done
#5 DONE 0.0s

#6 [2/6] RUN apt-get update  && apt-get install -y --no-install-recommends       libcsv3       libcsv-dev       readstat       bash       build-essential       ca-certificates       coreutils       file       jq       pkg-config       python3  && rm -rf /var/lib/apt/lists/*
#6 CACHED

#7 [3/6] WORKDIR /validator
#7 CACHED

#8 [4/6] COPY _shared/ /validator/tests/_shared/
#8 CACHED

#9 [5/6] COPY libcsv/ /validator/tests/libcsv/
#9 CACHED

#10 [6/6] RUN find /validator/tests/_shared -maxdepth 1 -type f -name '*.sh' -exec chmod +x {} +  && chmod +x /validator/tests/libcsv/docker-entrypoint.sh /validator/tests/libcsv/tests/run.sh  && if [ -d /validator/tests/libcsv/tests/cases ]; then       find /validator/tests/libcsv/tests/cases -type f -name '*.sh' -exec chmod +x {} +;     fi
#10 CACHED

#11 exporting to image
#11 exporting layers done
#11 writing image sha256:fe4bd79b79f1e84214e6ec6f88ff7596f32e88ff5102445a8943276bf47bfce8 done
#11 naming to docker.io/library/validator-libcsv-shared-fcb151abe8db done
#11 DONE 0.0s
