/tmp/tmp.BxR8LnUPik/root/original/test/test_descriptors.c:12: warning: "_GNU_SOURCE" redefined
   12 | #define _GNU_SOURCE
      | 
<command-line>: note: this is the location of the previous definition
testing with sample.png
testing nearest ... ok
testing bicubic ... ok
testing bilinear ... ok
testing nohalo ... ok
testing lbb ... ok
testing thumbnail -s 100 ... ok
testing thumbnail -s 100x100 ... ok
testing thumbnail -s x100 ... ok
testing thumbnail -s 100x100< ... ok
testing thumbnail -s 2000< ... ok
testing thumbnail -s 100x100> ... ok
testing thumbnail -s 2000> ... ok
testing thumbnail of stdin / stdout ... ok
** rand open ..
** crop1, avg ..
** crop2, avg ..
** unref ..
** shutdown ..
** rand open ..
** crop1, avg ..
** crop2, avg ..
** unref ..
** shutdown ..
